<?xml version="1.0" encoding="UTF-8"?>
<testng-results ignored="0" total="4" passed="3" failed="1" skipped="0">
  <reporter-output>
  </reporter-output>
  <suite started-at="2022-06-13T07:42:50 IST" name="Amazon Suite" finished-at="2022-06-13T07:43:37 IST" duration-ms="47164">
    <groups>
    </groups>
    <test started-at="2022-06-13T07:42:50 IST" name="Home Test" finished-at="2022-06-13T07:43:29 IST" duration-ms="39403">
      <class name="home_Tests.Home_Tests">
        <test-method is-config="true" signature="beforeClass()[pri:0, instance:home_Tests.Home_Tests@62fe6067]" started-at="2022-06-13T07:42:50 IST" name="beforeClass" finished-at="2022-06-13T07:42:50 IST" duration-ms="35" status="PASS">
          <reporter-output>
          </reporter-output>
        </test-method> <!-- beforeClass -->
        <test-method is-config="true" signature="startTest(java.lang.reflect.Method)[pri:0, instance:home_Tests.Home_Tests@62fe6067]" started-at="2022-06-13T07:42:50 IST" name="startTest" finished-at="2022-06-13T07:42:50 IST" duration-ms="5" status="PASS">
          <params>
            <param index="0">
              <value>
                <![CDATA[public void home_Tests.Home_Tests.verifyHeaders() throws java.lang.SecurityException,java.io.IOException]]>
              </value>
            </param>
          </params>
          <reporter-output>
          </reporter-output>
        </test-method> <!-- startTest -->
        <test-method signature="verifyHeaders()[pri:0, instance:home_Tests.Home_Tests@62fe6067]" started-at="2022-06-13T07:42:50 IST" name="verifyHeaders" finished-at="2022-06-13T07:42:50 IST" duration-ms="594" status="PASS">
          <reporter-output>
          </reporter-output>
        </test-method> <!-- verifyHeaders -->
        <test-method is-config="true" signature="tearDown(org.testng.ITestResult)[pri:0, instance:home_Tests.Home_Tests@62fe6067]" started-at="2022-06-13T07:42:50 IST" name="tearDown" finished-at="2022-06-13T07:42:50 IST" duration-ms="1" status="PASS">
          <params>
            <param index="0">
              <value>
                <![CDATA[[TestResult name=verifyHeaders status=SUCCESS method=Home_Tests.verifyHeaders()[pri:0, instance:home_Tests.Home_Tests@62fe6067] output={null}]]]>
              </value>
            </param>
          </params>
          <reporter-output>
          </reporter-output>
        </test-method> <!-- tearDown -->
        <test-method signature="verifyCategories_AmazonHome()[pri:1, instance:home_Tests.Home_Tests@62fe6067]" started-at="2022-06-13T07:42:50 IST" name="verifyCategories_AmazonHome" finished-at="2022-06-13T07:43:20 IST" duration-ms="30029" status="FAIL">
          <exception class="org.openqa.selenium.TimeoutException">
            <message>
              <![CDATA[timeout: Timed out receiving message from renderer: 29.755
  (Session info: chrome=102.0.5005.115)
Build info: version: '3.141.59', revision: 'e82be7d358', time: '2018-11-14T08:17:03'
System info: host: 'LAPTOP-IN3O14F1', ip: '192.168.1.9', os.name: 'Windows 10', os.arch: 'amd64', os.version: '10.0', java.version: '11.0.13'
Driver info: org.openqa.selenium.chrome.ChromeDriver
Capabilities {acceptInsecureCerts: false, browserName: chrome, browserVersion: 102.0.5005.115, chrome: {chromedriverVersion: 102.0.5005.61 (0e59bcc00cc4..., userDataDir: C:\Users\uniqu\AppData\Loca...}, goog:chromeOptions: {debuggerAddress: localhost:59772}, javascriptEnabled: true, networkConnectionEnabled: false, pageLoadStrategy: normal, platform: WINDOWS, platformName: WINDOWS, proxy: Proxy(), setWindowRect: true, strictFileInteractability: false, timeouts: {implicit: 0, pageLoad: 300000, script: 30000}, unhandledPromptBehavior: dismiss and notify, webauthn:extension:credBlob: true, webauthn:extension:largeBlob: true, webauthn:virtualAuthenticators: true}
Session ID: 65b3aa653ba31db25dd126f12e077bd9]]>
            </message>
            <full-stacktrace>
              <![CDATA[org.openqa.selenium.TimeoutException: timeout: Timed out receiving message from renderer: 29.755
  (Session info: chrome=102.0.5005.115)
Build info: version: '3.141.59', revision: 'e82be7d358', time: '2018-11-14T08:17:03'
System info: host: 'LAPTOP-IN3O14F1', ip: '192.168.1.9', os.name: 'Windows 10', os.arch: 'amd64', os.version: '10.0', java.version: '11.0.13'
Driver info: org.openqa.selenium.chrome.ChromeDriver
Capabilities {acceptInsecureCerts: false, browserName: chrome, browserVersion: 102.0.5005.115, chrome: {chromedriverVersion: 102.0.5005.61 (0e59bcc00cc4..., userDataDir: C:\Users\uniqu\AppData\Loca...}, goog:chromeOptions: {debuggerAddress: localhost:59772}, javascriptEnabled: true, networkConnectionEnabled: false, pageLoadStrategy: normal, platform: WINDOWS, platformName: WINDOWS, proxy: Proxy(), setWindowRect: true, strictFileInteractability: false, timeouts: {implicit: 0, pageLoad: 300000, script: 30000}, unhandledPromptBehavior: dismiss and notify, webauthn:extension:credBlob: true, webauthn:extension:largeBlob: true, webauthn:virtualAuthenticators: true}
Session ID: 65b3aa653ba31db25dd126f12e077bd9
at java.base/jdk.internal.reflect.NativeConstructorAccessorImpl.newInstance0(Native Method)
at java.base/jdk.internal.reflect.NativeConstructorAccessorImpl.newInstance(NativeConstructorAccessorImpl.java:62)
at java.base/jdk.internal.reflect.DelegatingConstructorAccessorImpl.newInstance(DelegatingConstructorAccessorImpl.java:45)
at java.base/java.lang.reflect.Constructor.newInstance(Constructor.java:490)
at org.openqa.selenium.remote.http.W3CHttpResponseCodec.createException(W3CHttpResponseCodec.java:187)
at org.openqa.selenium.remote.http.W3CHttpResponseCodec.decode(W3CHttpResponseCodec.java:122)
at org.openqa.selenium.remote.http.W3CHttpResponseCodec.decode(W3CHttpResponseCodec.java:49)
at org.openqa.selenium.remote.HttpCommandExecutor.execute(HttpCommandExecutor.java:158)
at org.openqa.selenium.remote.service.DriverCommandExecutor.execute(DriverCommandExecutor.java:83)
at org.openqa.selenium.remote.RemoteWebDriver.execute(RemoteWebDriver.java:552)
at org.openqa.selenium.remote.RemoteWebDriver.get(RemoteWebDriver.java:277)
at org.openqa.selenium.remote.RemoteWebDriver$RemoteNavigation.to(RemoteWebDriver.java:857)
at home_Tests.Home_Tests.verifyCategories_AmazonHome(Home_Tests.java:56)
at java.base/jdk.internal.reflect.NativeMethodAccessorImpl.invoke0(Native Method)
at java.base/jdk.internal.reflect.NativeMethodAccessorImpl.invoke(NativeMethodAccessorImpl.java:62)
at java.base/jdk.internal.reflect.DelegatingMethodAccessorImpl.invoke(DelegatingMethodAccessorImpl.java:43)
at java.base/java.lang.reflect.Method.invoke(Method.java:566)
at org.testng.internal.MethodInvocationHelper.invokeMethod(MethodInvocationHelper.java:133)
at org.testng.internal.TestInvoker.invokeMethod(TestInvoker.java:598)
at org.testng.internal.TestInvoker.invokeTestMethod(TestInvoker.java:173)
at org.testng.internal.MethodRunner.runInSequence(MethodRunner.java:46)
at org.testng.internal.TestInvoker$MethodInvocationAgent.invoke(TestInvoker.java:824)
at org.testng.internal.TestInvoker.invokeTestMethods(TestInvoker.java:146)
at org.testng.internal.TestMethodWorker.invokeTestMethods(TestMethodWorker.java:146)
at org.testng.internal.TestMethodWorker.run(TestMethodWorker.java:128)
at java.base/java.util.ArrayList.forEach(ArrayList.java:1541)
at org.testng.TestRunner.privateRun(TestRunner.java:794)
at org.testng.TestRunner.run(TestRunner.java:596)
at org.testng.SuiteRunner.runTest(SuiteRunner.java:377)
at org.testng.SuiteRunner.runSequentially(SuiteRunner.java:371)
at org.testng.SuiteRunner.privateRun(SuiteRunner.java:332)
at org.testng.SuiteRunner.run(SuiteRunner.java:276)
at org.testng.SuiteRunnerWorker.runSuite(SuiteRunnerWorker.java:53)
at org.testng.SuiteRunnerWorker.run(SuiteRunnerWorker.java:96)
at org.testng.TestNG.runSuitesSequentially(TestNG.java:1212)
at org.testng.TestNG.runSuitesLocally(TestNG.java:1134)
at org.testng.TestNG.runSuites(TestNG.java:1063)
at org.testng.TestNG.run(TestNG.java:1031)
at org.testng.remote.AbstractRemoteTestNG.run(AbstractRemoteTestNG.java:115)
at org.testng.remote.RemoteTestNG.initAndRun(RemoteTestNG.java:251)
at org.testng.remote.RemoteTestNG.main(RemoteTestNG.java:77)
]]>
            </full-stacktrace>
          </exception> <!-- org.openqa.selenium.TimeoutException -->
          <reporter-output>
          </reporter-output>
        </test-method> <!-- verifyCategories_AmazonHome -->
        <test-method is-config="true" signature="startTest(java.lang.reflect.Method)[pri:0, instance:home_Tests.Home_Tests@62fe6067]" started-at="2022-06-13T07:42:50 IST" name="startTest" finished-at="2022-06-13T07:42:50 IST" duration-ms="0" status="PASS">
          <params>
            <param index="0">
              <value>
                <![CDATA[void home_Tests.Home_Tests.verifyCategories_AmazonHome() throws java.lang.SecurityException,java.io.IOException]]>
              </value>
            </param>
          </params>
          <reporter-output>
          </reporter-output>
        </test-method> <!-- startTest -->
        <test-method is-config="true" signature="tearDown(org.testng.ITestResult)[pri:0, instance:home_Tests.Home_Tests@62fe6067]" started-at="2022-06-13T07:43:20 IST" name="tearDown" finished-at="2022-06-13T07:43:22 IST" duration-ms="1103" status="PASS">
          <params>
            <param index="0">
              <value>
                <![CDATA[[TestResult name=verifyCategories_AmazonHome status=FAILURE method=Home_Tests.verifyCategories_AmazonHome()[pri:1, instance:home_Tests.Home_Tests@62fe6067] output={null}]]]>
              </value>
            </param>
          </params>
          <reporter-output>
          </reporter-output>
        </test-method> <!-- tearDown -->
        <test-method is-config="true" signature="startTest(java.lang.reflect.Method)[pri:0, instance:home_Tests.Home_Tests@62fe6067]" started-at="2022-06-13T07:43:22 IST" name="startTest" finished-at="2022-06-13T07:43:22 IST" duration-ms="1" status="PASS">
          <params>
            <param index="0">
              <value>
                <![CDATA[void home_Tests.Home_Tests.VerifySignInPage()]]>
              </value>
            </param>
          </params>
          <reporter-output>
          </reporter-output>
        </test-method> <!-- startTest -->
        <test-method signature="VerifySignInPage()[pri:2, instance:home_Tests.Home_Tests@62fe6067]" started-at="2022-06-13T07:43:22 IST" name="VerifySignInPage" finished-at="2022-06-13T07:43:29 IST" duration-ms="7310" status="PASS">
          <reporter-output>
          </reporter-output>
        </test-method> <!-- VerifySignInPage -->
        <test-method is-config="true" signature="tearDown(org.testng.ITestResult)[pri:0, instance:home_Tests.Home_Tests@62fe6067]" started-at="2022-06-13T07:43:29 IST" name="tearDown" finished-at="2022-06-13T07:43:29 IST" duration-ms="1" status="PASS">
          <params>
            <param index="0">
              <value>
                <![CDATA[[TestResult name=VerifySignInPage status=SUCCESS method=Home_Tests.VerifySignInPage()[pri:2, instance:home_Tests.Home_Tests@62fe6067] output={null}]]]>
              </value>
            </param>
          </params>
          <reporter-output>
          </reporter-output>
        </test-method> <!-- tearDown -->
        <test-method is-config="true" signature="endReport()[pri:0, instance:home_Tests.Home_Tests@62fe6067]" started-at="2022-06-13T07:43:29 IST" name="endReport" finished-at="2022-06-13T07:43:29 IST" duration-ms="275" status="PASS">
          <reporter-output>
          </reporter-output>
        </test-method> <!-- endReport -->
      </class> <!-- home_Tests.Home_Tests -->
    </test> <!-- Home Test -->
    <test started-at="2022-06-13T07:43:29 IST" name="Search Test" finished-at="2022-06-13T07:43:37 IST" duration-ms="7725">
      <class name="searchProduct_Tests.Search_Tests">
        <test-method is-config="true" signature="init()[pri:0, instance:searchProduct_Tests.Search_Tests@426b6a74]" started-at="2022-06-13T07:42:26 IST" name="init" finished-at="2022-06-13T07:42:50 IST" duration-ms="23735" status="PASS">
          <reporter-output>
          </reporter-output>
        </test-method> <!-- init -->
        <test-method is-config="true" signature="beforeClass()[pri:0, instance:searchProduct_Tests.Search_Tests@426b6a74]" started-at="2022-06-13T07:43:29 IST" name="beforeClass" finished-at="2022-06-13T07:43:29 IST" duration-ms="6" status="PASS">
          <reporter-output>
          </reporter-output>
        </test-method> <!-- beforeClass -->
        <test-method signature="searchProduct_SearchTextbox()[pri:3, instance:searchProduct_Tests.Search_Tests@426b6a74]" started-at="2022-06-13T07:43:29 IST" name="searchProduct_SearchTextbox" finished-at="2022-06-13T07:43:37 IST" duration-ms="7656" status="PASS">
          <reporter-output>
          </reporter-output>
        </test-method> <!-- searchProduct_SearchTextbox -->
        <test-method is-config="true" signature="startTest(java.lang.reflect.Method)[pri:0, instance:searchProduct_Tests.Search_Tests@426b6a74]" started-at="2022-06-13T07:43:29 IST" name="startTest" finished-at="2022-06-13T07:43:29 IST" duration-ms="0" status="PASS">
          <params>
            <param index="0">
              <value>
                <![CDATA[void searchProduct_Tests.Search_Tests.searchProduct_SearchTextbox() throws java.lang.InterruptedException]]>
              </value>
            </param>
          </params>
          <reporter-output>
          </reporter-output>
        </test-method> <!-- startTest -->
        <test-method is-config="true" signature="tearDown(org.testng.ITestResult)[pri:0, instance:searchProduct_Tests.Search_Tests@426b6a74]" started-at="2022-06-13T07:43:37 IST" name="tearDown" finished-at="2022-06-13T07:43:37 IST" duration-ms="1" status="PASS">
          <params>
            <param index="0">
              <value>
                <![CDATA[[TestResult name=searchProduct_SearchTextbox status=SUCCESS method=Search_Tests.searchProduct_SearchTextbox()[pri:3, instance:searchProduct_Tests.Search_Tests@426b6a74] output={null}]]]>
              </value>
            </param>
          </params>
          <reporter-output>
          </reporter-output>
        </test-method> <!-- tearDown -->
        <test-method is-config="true" signature="endReport()[pri:0, instance:searchProduct_Tests.Search_Tests@426b6a74]" started-at="2022-06-13T07:43:37 IST" name="endReport" finished-at="2022-06-13T07:43:37 IST" duration-ms="58" status="PASS">
          <reporter-output>
          </reporter-output>
        </test-method> <!-- endReport -->
        <test-method is-config="true" signature="EndTest()[pri:0, instance:searchProduct_Tests.Search_Tests@426b6a74]" started-at="2022-06-13T07:43:37 IST" name="EndTest" finished-at="2022-06-13T07:43:43 IST" duration-ms="5751" status="PASS">
          <reporter-output>
          </reporter-output>
        </test-method> <!-- EndTest -->
      </class> <!-- searchProduct_Tests.Search_Tests -->
    </test> <!-- Search Test -->
  </suite> <!-- Amazon Suite -->
</testng-results>
